<?xml version="1.0" encoding="UTF-8"?>
<!-- Generated by org.testng.reporters.JUnitXMLReporter -->
<testsuite ignored="9" hostname="DESKTOP-R4IOO2V" failures="1" tests="1" name="Test" time="0.189" errors="0" timestamp="2023-10-21T19:13:58 IST">
  <testcase classname="com.pom.test.HomePageTest" name="verifySearchResultOfComboItems" time="0.09">
    <failure type="java.lang.NullPointerException" message="Cannot invoke &amp;quot;org.openqa.selenium.SearchContext.findElement(org.openqa.selenium.By)&amp;quot; because &amp;quot;this.searchContext&amp;quot; is null">
      <![CDATA[java.lang.NullPointerException: Cannot invoke "org.openqa.selenium.SearchContext.findElement(org.openqa.selenium.By)" because "this.searchContext" is null
at org.openqa.selenium.support.pagefactory.DefaultElementLocator.findElement(DefaultElementLocator.java:68)
at org.openqa.selenium.support.pagefactory.internal.LocatingElementHandler.invoke(LocatingElementHandler.java:38)
at jdk.proxy2/jdk.proxy2.$Proxy12.sendKeys(Unknown Source)
at com.pom.pages.HomePage.searchProduct(HomePage.java:17)
at com.pom.test.HomePageTest.verifySearchResultOfComboItems(HomePageTest.java:122)
at java.base/java.util.ArrayList.forEach(ArrayList.java:1511)
... Removed 27 stack frames]]>
    </failure>
  </testcase> <!-- verifySearchResultOfComboItems -->
  <testcase classname="com.pom.test.HomePageTest" name="verifySearchResultFromHomeAndLiving" time="0.0">
    <ignored/>
  </testcase> <!-- verifySearchResultFromHomeAndLiving -->
  <testcase classname="com.pom.test.HomePageTest" name="verifySearchResultOfKidsRedColorTshirt" time="0.0">
    <ignored/>
  </testcase> <!-- verifySearchResultOfKidsRedColorTshirt -->
  <testcase classname="com.pom.test.HomePageTest" name="verifySearchResultOfLampBYPrice" time="0.0">
    <ignored/>
  </testcase> <!-- verifySearchResultOfLampBYPrice -->
  <testcase classname="com.pom.test.HomePageTest" name="verifyResultOnSearchMensTshirts" time="0.0">
    <ignored/>
  </testcase> <!-- verifyResultOnSearchMensTshirts -->
  <testcase classname="com.pom.test.HomePageTest" name="verifyListOfBeautyProducts" time="0.0">
    <ignored/>
  </testcase> <!-- verifyListOfBeautyProducts -->
  <testcase classname="com.pom.test.HomePageTest" name="verifySearchResultOnSearchingHat" time="0.0">
    <ignored/>
  </testcase> <!-- verifySearchResultOnSearchingHat -->
  <testcase classname="com.pom.test.HomePageTest" name="ToVerifyWishListItemList" time="0.0">
    <ignored/>
  </testcase> <!-- ToVerifyWishListItemList -->
  <testcase classname="com.pom.test.HomePageTest" name="verifySearchResultOfWomensRingByItsBrand" time="0.0">
    <ignored/>
  </testcase> <!-- verifySearchResultOfWomensRingByItsBrand -->
  <testcase classname="com.pom.test.HomePageTest" name="toVerifyKidsWearResultPages" time="0.0">
    <ignored/>
  </testcase> <!-- toVerifyKidsWearResultPages -->
</testsuite> <!-- Test -->
